
> click-frontend@1.0.0 dev
> next dev

⚠ Warning: Next.js inferred your workspace root, but it may not be correct.
 We detected multiple lockfiles and selected the directory of C:\ClickDev\ClickDev\package-lock.json as the root directory.
 To silence this warning, set `turbopack.root` in your Next.js config, or consider removing one of the lockfiles if it's not needed.
   See https://nextjs.org/docs/app/api-reference/config/next-config-js/turbopack#root-directory for more information.
 Detected additional lockfiles: 
   * C:\ClickDev\ClickDev\frontend\package-lock.json

▲ Next.js 16.1.2 (Turbopack)
- Local:         http://localhost:3000
- Network:       http://10.0.0.14:3000
- Environments: .env.local

✓ Starting...
✓ Ready in 7.4s
○ Compiling / ...
 GET / 200 in 7.4s (compile: 7.1s, render: 280ms)
 GET /login 200 in 289ms (compile: 230ms, render: 60ms)
✓ Compiled in 412ms
✓ Compiled in 2s
✓ Compiled in 193ms
✓ Compiled in 131ms
✓ Compiled in 126ms
✓ Compiled in 116ms
✓ Compiled in 83ms
✓ Compiled in 76ms
✓ Compiled in 138ms
 GET /login 200 in 208ms (compile: 131ms, render: 77ms)
 GET /login 200 in 43ms (compile: 11ms, render: 32ms)
 GET /login 200 in 38ms (compile: 9ms, render: 29ms)
 GET /login 200 in 32ms (compile: 7ms, render: 25ms)
 GET /login 200 in 30ms (compile: 6ms, render: 24ms)
 GET /login 200 in 37ms (compile: 8ms, render: 29ms)
 GET /login 200 in 34ms (compile: 7ms, render: 27ms)
 GET /login 200 in 35ms (compile: 8ms, render: 27ms)
 GET /login 200 in 27ms (compile: 7ms, render: 20ms)
 GET /login 200 in 33ms (compile: 7ms, render: 26ms)
 GET /login 200 in 36ms (compile: 8ms, render: 28ms)
 GET /login 200 in 24ms (compile: 6ms, render: 18ms)
 GET /login 200 in 30ms (compile: 7ms, render: 23ms)
 GET /login 200 in 33ms (compile: 8ms, render: 25ms)
 GET /login 200 in 27ms (compile: 6ms, render: 21ms)
 GET /login 200 in 32ms (compile: 8ms, render: 24ms)
 GET /login 200 in 31ms (compile: 8ms, render: 23ms)
 GET /login 200 in 31ms (compile: 7ms, render: 24ms)
 GET /login 200 in 30ms (compile: 9ms, render: 21ms)
 GET /login 200 in 26ms (compile: 7ms, render: 19ms)
 GET /login 200 in 26ms (compile: 7ms, render: 19ms)
 GET /login 200 in 25ms (compile: 7ms, render: 18ms)
 GET /login 200 in 25ms (compile: 7ms, render: 18ms)
 GET /login 200 in 31ms (compile: 7ms, render: 24ms)
 GET /login 200 in 32ms (compile: 8ms, render: 24ms)
 GET /login 200 in 36ms (compile: 9ms, render: 27ms)
 GET /login 200 in 35ms (compile: 8ms, render: 28ms)
 GET /login 200 in 42ms (compile: 12ms, render: 30ms)
 GET /login 200 in 33ms (compile: 8ms, render: 25ms)
 GET /login 200 in 28ms (compile: 8ms, render: 19ms)
 GET /login 200 in 45ms (compile: 7ms, render: 37ms)
 GET /login 200 in 40ms (compile: 9ms, render: 31ms)
 GET /login 200 in 50ms (compile: 11ms, render: 39ms)
 GET /login 200 in 64ms (compile: 29ms, render: 35ms)
 GET /login 200 in 28ms (compile: 10ms, render: 18ms)
 GET /login 200 in 30ms (compile: 7ms, render: 22ms)
 GET /login 200 in 32ms (compile: 7ms, render: 24ms)
 GET /login 200 in 24ms (compile: 6ms, render: 18ms)
 GET /login 200 in 27ms (compile: 9ms, render: 18ms)
 GET /login 200 in 24ms (compile: 6ms, render: 18ms)
 GET /login 200 in 28ms (compile: 7ms, render: 21ms)
 GET /login 200 in 31ms (compile: 9ms, render: 22ms)
 GET /login 200 in 34ms (compile: 9ms, render: 25ms)
 GET /login 200 in 37ms (compile: 7ms, render: 30ms)
 GET /login 200 in 39ms (compile: 9ms, render: 30ms)
 GET /login 200 in 32ms (compile: 9ms, render: 22ms)
 GET /login 200 in 34ms (compile: 9ms, render: 25ms)
 GET /login 200 in 36ms (compile: 9ms, render: 27ms)
 GET /login 200 in 37ms (compile: 8ms, render: 29ms)
 GET /login 200 in 40ms (compile: 10ms, render: 29ms)
 GET /login 200 in 30ms (compile: 7ms, render: 23ms)
 GET /login 200 in 36ms (compile: 8ms, render: 28ms)
 GET /login 200 in 38ms (compile: 9ms, render: 29ms)
 GET /login 200 in 42ms (compile: 9ms, render: 33ms)
 GET /login 200 in 36ms (compile: 8ms, render: 27ms)
 GET /login 200 in 30ms (compile: 7ms, render: 23ms)
 GET /login 200 in 31ms (compile: 7ms, render: 24ms)
 GET /login 200 in 27ms (compile: 6ms, render: 21ms)
 GET /login 200 in 28ms (compile: 6ms, render: 22ms)
 GET /login 200 in 35ms (compile: 7ms, render: 27ms)
 GET /login 200 in 45ms (compile: 12ms, render: 33ms)
 GET /login 200 in 32ms (compile: 8ms, render: 24ms)
 GET /login 200 in 37ms (compile: 10ms, render: 27ms)
 GET /login 200 in 25ms (compile: 6ms, render: 19ms)
 GET /login 200 in 42ms (compile: 7ms, render: 36ms)
 GET /login 200 in 56ms (compile: 14ms, render: 42ms)
 GET /login 200 in 40ms (compile: 11ms, render: 28ms)
 GET /login 200 in 35ms (compile: 8ms, render: 27ms)
 GET /login 200 in 40ms (compile: 9ms, render: 32ms)
 GET /login 200 in 33ms (compile: 10ms, render: 23ms)
 GET /login 200 in 24ms (compile: 5ms, render: 19ms)
 GET /login 200 in 29ms (compile: 5ms, render: 24ms)
 GET /login 200 in 32ms (compile: 8ms, render: 24ms)
 GET /login 200 in 43ms (compile: 19ms, render: 24ms)
 GET /login 200 in 27ms (compile: 7ms, render: 19ms)
 GET /login 200 in 30ms (compile: 8ms, render: 22ms)
 GET /login 200 in 42ms (compile: 10ms, render: 32ms)
 GET /login 200 in 36ms (compile: 7ms, render: 28ms)
 GET /login 200 in 37ms (compile: 8ms, render: 29ms)
 GET /login 200 in 36ms (compile: 9ms, render: 27ms)
 GET /login 200 in 31ms (compile: 8ms, render: 23ms)
 GET /login 200 in 39ms (compile: 14ms, render: 25ms)
 GET /login 200 in 28ms (compile: 8ms, render: 21ms)
 GET /login 200 in 27ms (compile: 6ms, render: 20ms)
 GET /login 200 in 33ms (compile: 6ms, render: 27ms)
 GET /login 200 in 33ms (compile: 8ms, render: 25ms)
 GET /login 200 in 26ms (compile: 7ms, render: 20ms)
 GET /login 200 in 25ms (compile: 7ms, render: 17ms)
 GET /login 200 in 30ms (compile: 9ms, render: 21ms)
 GET /login 200 in 34ms (compile: 7ms, render: 27ms)
 GET /login 200 in 35ms (compile: 6ms, render: 29ms)
 GET /login 200 in 31ms (compile: 8ms, render: 22ms)
 GET /login 200 in 31ms (compile: 8ms, render: 22ms)
 GET /login 200 in 26ms (compile: 6ms, render: 20ms)
 GET /login 200 in 32ms (compile: 7ms, render: 25ms)
 GET /login 200 in 29ms (compile: 8ms, render: 21ms)
 GET /login 200 in 47ms (compile: 12ms, render: 35ms)
 GET /login 200 in 35ms (compile: 9ms, render: 26ms)
 GET /login 200 in 32ms (compile: 10ms, render: 22ms)
 GET /login 200 in 36ms (compile: 8ms, render: 28ms)
 GET /login 200 in 40ms (compile: 9ms, render: 31ms)
 GET /login 200 in 41ms (compile: 10ms, render: 31ms)
 GET /login 200 in 32ms (compile: 9ms, render: 23ms)
 GET /login 200 in 27ms (compile: 6ms, render: 21ms)
 GET /login 200 in 44ms (compile: 8ms, render: 35ms)
 GET /login 200 in 43ms (compile: 16ms, render: 27ms)
 GET /login 200 in 60ms (compile: 22ms, render: 38ms)
 GET /login 200 in 31ms (compile: 7ms, render: 23ms)
 GET /login 200 in 42ms (compile: 9ms, render: 33ms)
 GET /login 200 in 41ms (compile: 9ms, render: 31ms)
 GET /login 200 in 41ms (compile: 7ms, render: 34ms)
 GET /login 200 in 41ms (compile: 10ms, render: 30ms)
 GET /login 200 in 31ms (compile: 8ms, render: 24ms)
 GET /login 200 in 36ms (compile: 12ms, render: 24ms)
 GET /login 200 in 30ms (compile: 8ms, render: 21ms)
 GET /login 200 in 27ms (compile: 7ms, render: 20ms)
 GET /login 200 in 37ms (compile: 6ms, render: 30ms)
 GET /login 200 in 52ms (compile: 26ms, render: 26ms)
 GET /login 200 in 33ms (compile: 8ms, render: 25ms)
 GET /login 200 in 27ms (compile: 6ms, render: 22ms)
 GET /login 200 in 52ms (compile: 15ms, render: 38ms)
 GET /login 200 in 37ms (compile: 15ms, render: 22ms)
 GET /login 200 in 30ms (compile: 8ms, render: 21ms)
 GET /login 200 in 37ms (compile: 8ms, render: 29ms)
 GET /login 200 in 39ms (compile: 8ms, render: 31ms)
 GET /login 200 in 35ms (compile: 8ms, render: 27ms)
 GET /login 200 in 31ms (compile: 9ms, render: 23ms)
 GET /login 200 in 41ms (compile: 8ms, render: 33ms)
 GET /login 200 in 232ms (compile: 11ms, render: 222ms)
 GET /dashboard 200 in 224ms (compile: 173ms, render: 52ms)
 GET /dashboard 200 in 39ms (compile: 8ms, render: 31ms)
 GET /dashboard/core 200 in 96ms (compile: 61ms, render: 35ms)
 GET /dashboard/core 200 in 169ms (compile: 9ms, render: 161ms)
 GET /dashboard/flow 404 in 249ms (compile: 198ms, render: 51ms)
 GET /dashboard/flow 404 in 88ms (compile: 17ms, render: 71ms)
 GET /dashboard/core 200 in 81ms (compile: 13ms, render: 68ms)
 GET /dashboard/core 200 in 39ms (compile: 13ms, render: 26ms)
 GET /dashboard/core/employees 200 in 241ms (compile: 205ms, render: 36ms)
(node:49516) [DEP0060] DeprecationWarning: The `util._extend` API is deprecated. Please use Object.assign() instead.
(Use `node --trace-deprecation ...` to show where the warning was created)
 GET /dashboard/core 200 in 45ms (compile: 12ms, render: 33ms)
 GET /dashboard 200 in 105ms (compile: 9ms, render: 97ms)
 GET /dashboard/core 200 in 45ms (compile: 11ms, render: 34ms)
 GET /dashboard/core/employees 200 in 46ms (compile: 16ms, render: 31ms)
✓ Compiled in 79ms
✓ Compiled in 77ms
 GET /dashboard/core/employees 200 in 464ms (compile: 160ms, render: 304ms)
 GET /dashboard/core/employees 200 in 233ms (compile: 9ms, render: 224ms)
 GET /dashboard/core/employees 200 in 27ms (compile: 6ms, render: 21ms)
 GET /dashboard/core/employees 200 in 42ms (compile: 7ms, render: 35ms)
 GET /dashboard/core/employees 200 in 46ms (compile: 13ms, render: 33ms)
✓ Compiled in 98ms
 GET /dashboard/flow 404 in 44ms (compile: 20ms, render: 25ms)
 GET /dashboard/flow 404 in 72ms (compile: 15ms, render: 57ms)
 GET /dashboard/core/employees 200 in 77ms (compile: 14ms, render: 63ms)
 GET /dashboard/core 200 in 197ms (compile: 120ms, render: 77ms)
 GET /dashboard/core/employees/new 404 in 41ms (compile: 21ms, render: 20ms)
 GET /dashboard/core/employees/new 404 in 47ms (compile: 11ms, render: 36ms)
 GET /dashboard/core 200 in 238ms (compile: 8ms, render: 230ms)
 GET /dashboard/core/employees 200 in 50ms (compile: 16ms, render: 34ms)
✓ Compiled in 89ms
✓ Compiled in 100ms
✓ Compiled in 57ms
✓ Compiled in 105ms
✓ Compiled in 55ms
✓ Compiled in 94ms
✓ Compiled in 86ms
✓ Compiled in 69ms
✓ Compiled in 56ms
✓ Compiled in 73ms
✓ Compiled in 55ms
✓ Compiled in 87ms
 GET /dashboard/core/employees/1 404 in 119ms (compile: 53ms, render: 67ms)
 GET /dashboard/core/employees/1 404 in 66ms (compile: 17ms, render: 49ms)
 GET /dashboard/core/employees 200 in 865ms (compile: 343ms, render: 522ms)
 GET /dashboard/core/employees/new 404 in 85ms (compile: 24ms, render: 61ms)
 GET /dashboard/core/employees 200 in 84ms (compile: 12ms, render: 72ms)
✓ Compiled in 95ms
 GET /dashboard/core/employees 200 in 413ms (compile: 139ms, render: 274ms)
✓ Compiled in 67ms
✓ Compiled in 70ms
 GET /dashboard/core/employees 200 in 394ms (compile: 114ms, render: 280ms)
 GET /dashboard/core/employees 200 in 215ms (compile: 14ms, render: 201ms)
 GET /dashboard/core/employees 200 in 41ms (compile: 8ms, render: 33ms)
 GET /login?message=session_expired 200 in 53ms (compile: 25ms, render: 27ms)
 GET /login?message=session_expired 200 in 29ms (compile: 9ms, render: 21ms)
 GET /dashboard 200 in 306ms (compile: 229ms, render: 76ms)
 GET /dashboard 200 in 74ms (compile: 8ms, render: 66ms)
 GET /dashboard/core 200 in 254ms (compile: 185ms, render: 69ms)
 GET /login?message=session_expired 200 in 32ms (compile: 11ms, render: 21ms)
 GET /login?message=session_expired 200 in 31ms (compile: 7ms, render: 24ms)
 GET /dashboard 200 in 141ms (compile: 53ms, render: 89ms)
 GET /dashboard 200 in 33ms (compile: 9ms, render: 24ms)
^C^C